<?xml version="1.0" encoding="UTF-8"?>
<!-- Generated by org.testng.reporters.JUnitReportReporter -->
<testsuite skipped="0" hostname="LAPTOP-31K9796S" name="com.noonpay.helper.TransactionHistoryHelper" tests="1" failures="0" timestamp="31 Dec 2020 08:32:14 GMT" time="2.620" errors="0">
  <testcase name="getAccessToken" time="2.620" classname="com.noonpay.helper.TransactionHistoryHelper"/>
</testsuite> <!-- com.noonpay.helper.TransactionHistoryHelper -->
