<?xml version="1.0" encoding="UTF-8"?>
<!-- Generated by org.testng.reporters.JUnitReportReporter -->
<testsuite skipped="0" hostname="LAPTOP-31K9796S" name="com.noonpay.tests.TransactionHistoryTests" tests="4" failures="0" timestamp="31 Dec 2020 09:20:57 GMT" time="4.282" errors="0">
  <testcase name="verifyTransactionhistoryStatus" time="0.978" classname="com.noonpay.tests.TransactionHistoryTests"/>
  <testcase name="verifyTransactionhistoryTxnDate" time="0.977" classname="com.noonpay.tests.TransactionHistoryTests"/>
  <testcase name="verifyTransactionhistory" time="1.351" classname="com.noonpay.tests.TransactionHistoryTests"/>
  <testcase name="verifyTransactionhistoryerrorMessage" time="0.976" classname="com.noonpay.tests.TransactionHistoryTests"/>
</testsuite> <!-- com.noonpay.tests.TransactionHistoryTests -->
